<?xml version="1.0" encoding="UTF-8"?>
<testsuite xmlns:xsi="http://www.w3.org/2001/XMLSchema-instance" xsi:schemaLocation="https://maven.apache.org/surefire/maven-surefire-plugin/xsd/surefire-test-report.xsd" name="testrunner.MailTest" time="238.733" tests="58" errors="4" skipped="1" failures="0">
  <properties>
[...]
</properties>
  <testcase name="Given I am on main application page" classname="Scenario: Test positive login as correct user" time="0.041"/>
  <testcase name="When I login as correct user" classname="Scenario: Test positive login as correct user" time="0"/>
  <testcase name="Then I see logout link" classname="Scenario: Test positive login as correct user" time="0"/>
  <testcase name="Scenario: Test positive login as correct user" classname="Scenario: Test positive login as correct user" time="0.151"/>
  <testcase name="Given I am on main application page" classname="Scenario: Test check presence of message in the box" time="0"/>
  <testcase name="When I login as correct user" classname="Scenario: Test check presence of message in the box" time="0"/>
  <testcase name="Then I see letter on mail box" classname="Scenario: Test check presence of message in the box" time="0"/>
  <testcase name="Scenario: Test check presence of message in the box" classname="Scenario: Test check presence of message in the box" time="0.111"/>
  <testcase name="Given I am on main application page" classname="Scenario: Test move letter to spam" time="0"/>
  <testcase name="When I login as correct user" classname="Scenario: Test move letter to spam" time="0"/>
  <testcase name="And I move letter on folder spam" classname="Scenario: Test move letter to spam" time="0"/>
  <testcase name="Then I see message &quot;Letter moved to spam&quot;" classname="Scenario: Test move letter to spam" time="0"/>
  <testcase name="Scenario: Test move letter to spam" classname="Scenario: Test move letter to spam" time="0.249"/>
  <testcase name="Given I am on main application page" classname="Scenario: Test send letter for group users" time="0"/>
  <testcase name="When I login as correct user" classname="Scenario: Test send letter for group users" time="0"/>
  <testcase name="And I push button &quot;Send letter&quot;" classname="Scenario: Test send letter for group users" time="0"/>
  <testcase name="And I input a few email addresses and letter subject" classname="Scenario: Test send letter for group users" time="0"/>
  <testcase name="Then I see message &quot;Letter is sent&quot;" classname="Scenario: Test send letter for group users" time="0"/>
  <testcase name="Scenario: Test send letter for group users" classname="Scenario: Test send letter for group users" time="0.555"/>
  <testcase name="Given I am on main application page" classname="Scenario: Test check three letters with flag" time="0"/>
  <testcase name="When I login as correct user" classname="Scenario: Test check three letters with flag" time="0"/>
  <testcase name="And I mark three letter with flag" classname="Scenario: Test check three letters with flag" time="0"/>
  <testcase name="Then I see letter with flag on folder &quot;Marked flag&quot;" classname="Scenario: Test check three letters with flag" time="0.171">
    <error message="stale element reference: element is not attached to the page document&#10;  (Session info: chrome=70.0.3538.110)&#10;  (Driver info: chromedriver=2.43.600210 (68dcf5eebde37173d4027fa8635e332711d2874a),platform=Windows NT 6.1.7601 SP1 x86_64) (WARNING: The server did not provide any stacktrace information)&#10;Command duration or timeout: 0 milliseconds&#10;For documentation on this error, please visit: https://www.seleniumhq.org/exceptions/stale_element_reference.html&#10;Build info: version: &apos;3.141.59&apos;, revision: &apos;e82be7d358&apos;, time: &apos;2018-11-14T08:17:03&apos;&#10;System info: host: &apos;USER-PC&apos;, ip: &apos;192.168.100.4&apos;, os.name: &apos;Windows 7&apos;, os.arch: &apos;amd64&apos;, os.version: &apos;6.1&apos;, java.version: &apos;1.8.0_181&apos;&#10;Driver info: org.openqa.selenium.chrome.ChromeDriver&#10;Capabilities {acceptInsecureCerts: false, acceptSslCerts: false, applicationCacheEnabled: false, browserConnectionEnabled: false, browserName: chrome, chrome: {chromedriverVersion: 2.43.600210 (68dcf5eebde371..., userDataDir: C:\Users\User\AppData\Local...}, cssSelectorsEnabled: true, databaseEnabled: false, goog:chromeOptions: {debuggerAddress: localhost:49338}, handlesAlerts: true, hasTouchScreen: false, javascriptEnabled: true, locationContextEnabled: true, mobileEmulationEnabled: false, nativeEvents: true, networkConnectionEnabled: false, pageLoadStrategy: normal, platform: XP, platformName: XP, rotatable: false, setWindowRect: true, takesHeapSnapshot: true, takesScreenshot: true, unexpectedAlertBehaviour: , unhandledPromptBehavior: , version: 70.0.3538.110, webStorageEnabled: true}&#10;Session ID: 9d624557d2b12fe97d732052f42d3cb3" type="org.openqa.selenium.StaleElementReferenceException">org.openqa.selenium.StaleElementReferenceException: 
stale element reference: element is not attached to the page document
  (Session info: chrome=70.0.3538.110)
  (Driver info: chromedriver=2.43.600210 (68dcf5eebde37173d4027fa8635e332711d2874a),platform=Windows NT 6.1.7601 SP1 x86_64) (WARNING: The server did not provide any stacktrace information)
Command duration or timeout: 0 milliseconds
For documentation on this error, please visit: https://www.seleniumhq.org/exceptions/stale_element_reference.html
Build info: version: '3.141.59', revision: 'e82be7d358', time: '2018-11-14T08:17:03'
System info: host: 'USER-PC', ip: '192.168.100.4', os.name: 'Windows 7', os.arch: 'amd64', os.version: '6.1', java.version: '1.8.0_181'
Driver info: org.openqa.selenium.chrome.ChromeDriver
Capabilities {acceptInsecureCerts: false, acceptSslCerts: false, applicationCacheEnabled: false, browserConnectionEnabled: false, browserName: chrome, chrome: {chromedriverVersion: 2.43.600210 (68dcf5eebde371..., userDataDir: C:\Users\User\AppData\Local...}, cssSelectorsEnabled: true, databaseEnabled: false, goog:chromeOptions: {debuggerAddress: localhost:49338}, handlesAlerts: true, hasTouchScreen: false, javascriptEnabled: true, locationContextEnabled: true, mobileEmulationEnabled: false, nativeEvents: true, networkConnectionEnabled: false, pageLoadStrategy: normal, platform: XP, platformName: XP, rotatable: false, setWindowRect: true, takesHeapSnapshot: true, takesScreenshot: true, unexpectedAlertBehaviour: , unhandledPromptBehavior: , version: 70.0.3538.110, webStorageEnabled: true}
Session ID: 9d624557d2b12fe97d732052f42d3cb3
</error>
  </testcase>
  <testcase name="Scenario: Test check three letters with flag" classname="Scenario: Test check three letters with flag" time="0.186">
    <error message="stale element reference: element is not attached to the page document&#10;  (Session info: chrome=70.0.3538.110)&#10;  (Driver info: chromedriver=2.43.600210 (68dcf5eebde37173d4027fa8635e332711d2874a),platform=Windows NT 6.1.7601 SP1 x86_64) (WARNING: The server did not provide any stacktrace information)&#10;Command duration or timeout: 0 milliseconds&#10;For documentation on this error, please visit: https://www.seleniumhq.org/exceptions/stale_element_reference.html&#10;Build info: version: &apos;3.141.59&apos;, revision: &apos;e82be7d358&apos;, time: &apos;2018-11-14T08:17:03&apos;&#10;System info: host: &apos;USER-PC&apos;, ip: &apos;192.168.100.4&apos;, os.name: &apos;Windows 7&apos;, os.arch: &apos;amd64&apos;, os.version: &apos;6.1&apos;, java.version: &apos;1.8.0_181&apos;&#10;Driver info: org.openqa.selenium.chrome.ChromeDriver&#10;Capabilities {acceptInsecureCerts: false, acceptSslCerts: false, applicationCacheEnabled: false, browserConnectionEnabled: false, browserName: chrome, chrome: {chromedriverVersion: 2.43.600210 (68dcf5eebde371..., userDataDir: C:\Users\User\AppData\Local...}, cssSelectorsEnabled: true, databaseEnabled: false, goog:chromeOptions: {debuggerAddress: localhost:49338}, handlesAlerts: true, hasTouchScreen: false, javascriptEnabled: true, locationContextEnabled: true, mobileEmulationEnabled: false, nativeEvents: true, networkConnectionEnabled: false, pageLoadStrategy: normal, platform: XP, platformName: XP, rotatable: false, setWindowRect: true, takesHeapSnapshot: true, takesScreenshot: true, unexpectedAlertBehaviour: , unhandledPromptBehavior: , version: 70.0.3538.110, webStorageEnabled: true}&#10;Session ID: 9d624557d2b12fe97d732052f42d3cb3" type="org.openqa.selenium.StaleElementReferenceException">org.openqa.selenium.StaleElementReferenceException: 
stale element reference: element is not attached to the page document
  (Session info: chrome=70.0.3538.110)
  (Driver info: chromedriver=2.43.600210 (68dcf5eebde37173d4027fa8635e332711d2874a),platform=Windows NT 6.1.7601 SP1 x86_64) (WARNING: The server did not provide any stacktrace information)
Command duration or timeout: 0 milliseconds
For documentation on this error, please visit: https://www.seleniumhq.org/exceptions/stale_element_reference.html
Build info: version: '3.141.59', revision: 'e82be7d358', time: '2018-11-14T08:17:03'
System info: host: 'USER-PC', ip: '192.168.100.4', os.name: 'Windows 7', os.arch: 'amd64', os.version: '6.1', java.version: '1.8.0_181'
Driver info: org.openqa.selenium.chrome.ChromeDriver
Capabilities {acceptInsecureCerts: false, acceptSslCerts: false, applicationCacheEnabled: false, browserConnectionEnabled: false, browserName: chrome, chrome: {chromedriverVersion: 2.43.600210 (68dcf5eebde371..., userDataDir: C:\Users\User\AppData\Local...}, cssSelectorsEnabled: true, databaseEnabled: false, goog:chromeOptions: {debuggerAddress: localhost:49338}, handlesAlerts: true, hasTouchScreen: false, javascriptEnabled: true, locationContextEnabled: true, mobileEmulationEnabled: false, nativeEvents: true, networkConnectionEnabled: false, pageLoadStrategy: normal, platform: XP, platformName: XP, rotatable: false, setWindowRect: true, takesHeapSnapshot: true, takesScreenshot: true, unexpectedAlertBehaviour: , unhandledPromptBehavior: , version: 70.0.3538.110, webStorageEnabled: true}
Session ID: 9d624557d2b12fe97d732052f42d3cb3
</error>
  </testcase>
  <testcase name="Given I am on main application page" classname="Scenario: Test unchecked letters with flag" time="0"/>
  <testcase name="When I login as correct user" classname="Scenario: Test unchecked letters with flag" time="0"/>
  <testcase name="And I unchecked letters with flag" classname="Scenario: Test unchecked letters with flag" time="0"/>
  <testcase name="Then I checked folder &quot;Marked flag&quot; is empty" classname="Scenario: Test unchecked letters with flag" time="0"/>
  <testcase name="Scenario: Test unchecked letters with flag" classname="Scenario: Test unchecked letters with flag" time="0.09"/>
  <testcase name="Given I am on main application page" classname="Scenario: Test move letter in trash" time="0"/>
  <testcase name="When I login as correct user" classname="Scenario: Test move letter in trash" time="0"/>
  <testcase name="And I delete one message" classname="Scenario: Test move letter in trash" time="0">
    <error message="stale element reference: element is not attached to the page document&#10;  (Session info: chrome=70.0.3538.110)&#10;  (Driver info: chromedriver=2.43.600210 (68dcf5eebde37173d4027fa8635e332711d2874a),platform=Windows NT 6.1.7601 SP1 x86_64) (WARNING: The server did not provide any stacktrace information)&#10;Command duration or timeout: 0 milliseconds&#10;For documentation on this error, please visit: https://www.seleniumhq.org/exceptions/stale_element_reference.html&#10;Build info: version: &apos;3.141.59&apos;, revision: &apos;e82be7d358&apos;, time: &apos;2018-11-14T08:17:03&apos;&#10;System info: host: &apos;USER-PC&apos;, ip: &apos;192.168.100.4&apos;, os.name: &apos;Windows 7&apos;, os.arch: &apos;amd64&apos;, os.version: &apos;6.1&apos;, java.version: &apos;1.8.0_181&apos;&#10;Driver info: org.openqa.selenium.chrome.ChromeDriver&#10;Capabilities {acceptInsecureCerts: false, acceptSslCerts: false, applicationCacheEnabled: false, browserConnectionEnabled: false, browserName: chrome, chrome: {chromedriverVersion: 2.43.600210 (68dcf5eebde371..., userDataDir: C:\Users\User\AppData\Local...}, cssSelectorsEnabled: true, databaseEnabled: false, goog:chromeOptions: {debuggerAddress: localhost:49338}, handlesAlerts: true, hasTouchScreen: false, javascriptEnabled: true, locationContextEnabled: true, mobileEmulationEnabled: false, nativeEvents: true, networkConnectionEnabled: false, pageLoadStrategy: normal, platform: XP, platformName: XP, rotatable: false, setWindowRect: true, takesHeapSnapshot: true, takesScreenshot: true, unexpectedAlertBehaviour: , unhandledPromptBehavior: , version: 70.0.3538.110, webStorageEnabled: true}&#10;Session ID: 9d624557d2b12fe97d732052f42d3cb3" type="org.openqa.selenium.StaleElementReferenceException">org.openqa.selenium.StaleElementReferenceException: 
stale element reference: element is not attached to the page document
  (Session info: chrome=70.0.3538.110)
  (Driver info: chromedriver=2.43.600210 (68dcf5eebde37173d4027fa8635e332711d2874a),platform=Windows NT 6.1.7601 SP1 x86_64) (WARNING: The server did not provide any stacktrace information)
Command duration or timeout: 0 milliseconds
For documentation on this error, please visit: https://www.seleniumhq.org/exceptions/stale_element_reference.html
Build info: version: '3.141.59', revision: 'e82be7d358', time: '2018-11-14T08:17:03'
System info: host: 'USER-PC', ip: '192.168.100.4', os.name: 'Windows 7', os.arch: 'amd64', os.version: '6.1', java.version: '1.8.0_181'
Driver info: org.openqa.selenium.chrome.ChromeDriver
Capabilities {acceptInsecureCerts: false, acceptSslCerts: false, applicationCacheEnabled: false, browserConnectionEnabled: false, browserName: chrome, chrome: {chromedriverVersion: 2.43.600210 (68dcf5eebde371..., userDataDir: C:\Users\User\AppData\Local...}, cssSelectorsEnabled: true, databaseEnabled: false, goog:chromeOptions: {debuggerAddress: localhost:49338}, handlesAlerts: true, hasTouchScreen: false, javascriptEnabled: true, locationContextEnabled: true, mobileEmulationEnabled: false, nativeEvents: true, networkConnectionEnabled: false, pageLoadStrategy: normal, platform: XP, platformName: XP, rotatable: false, setWindowRect: true, takesHeapSnapshot: true, takesScreenshot: true, unexpectedAlertBehaviour: , unhandledPromptBehavior: , version: 70.0.3538.110, webStorageEnabled: true}
Session ID: 9d624557d2b12fe97d732052f42d3cb3
</error>
  </testcase>
  <testcase name="Scenario: Test move letter in trash" classname="Scenario: Test move letter in trash" time="0.001">
    <error message="stale element reference: element is not attached to the page document&#10;  (Session info: chrome=70.0.3538.110)&#10;  (Driver info: chromedriver=2.43.600210 (68dcf5eebde37173d4027fa8635e332711d2874a),platform=Windows NT 6.1.7601 SP1 x86_64) (WARNING: The server did not provide any stacktrace information)&#10;Command duration or timeout: 0 milliseconds&#10;For documentation on this error, please visit: https://www.seleniumhq.org/exceptions/stale_element_reference.html&#10;Build info: version: &apos;3.141.59&apos;, revision: &apos;e82be7d358&apos;, time: &apos;2018-11-14T08:17:03&apos;&#10;System info: host: &apos;USER-PC&apos;, ip: &apos;192.168.100.4&apos;, os.name: &apos;Windows 7&apos;, os.arch: &apos;amd64&apos;, os.version: &apos;6.1&apos;, java.version: &apos;1.8.0_181&apos;&#10;Driver info: org.openqa.selenium.chrome.ChromeDriver&#10;Capabilities {acceptInsecureCerts: false, acceptSslCerts: false, applicationCacheEnabled: false, browserConnectionEnabled: false, browserName: chrome, chrome: {chromedriverVersion: 2.43.600210 (68dcf5eebde371..., userDataDir: C:\Users\User\AppData\Local...}, cssSelectorsEnabled: true, databaseEnabled: false, goog:chromeOptions: {debuggerAddress: localhost:49338}, handlesAlerts: true, hasTouchScreen: false, javascriptEnabled: true, locationContextEnabled: true, mobileEmulationEnabled: false, nativeEvents: true, networkConnectionEnabled: false, pageLoadStrategy: normal, platform: XP, platformName: XP, rotatable: false, setWindowRect: true, takesHeapSnapshot: true, takesScreenshot: true, unexpectedAlertBehaviour: , unhandledPromptBehavior: , version: 70.0.3538.110, webStorageEnabled: true}&#10;Session ID: 9d624557d2b12fe97d732052f42d3cb3" type="org.openqa.selenium.StaleElementReferenceException">org.openqa.selenium.StaleElementReferenceException: 
stale element reference: element is not attached to the page document
  (Session info: chrome=70.0.3538.110)
  (Driver info: chromedriver=2.43.600210 (68dcf5eebde37173d4027fa8635e332711d2874a),platform=Windows NT 6.1.7601 SP1 x86_64) (WARNING: The server did not provide any stacktrace information)
Command duration or timeout: 0 milliseconds
For documentation on this error, please visit: https://www.seleniumhq.org/exceptions/stale_element_reference.html
Build info: version: '3.141.59', revision: 'e82be7d358', time: '2018-11-14T08:17:03'
System info: host: 'USER-PC', ip: '192.168.100.4', os.name: 'Windows 7', os.arch: 'amd64', os.version: '6.1', java.version: '1.8.0_181'
Driver info: org.openqa.selenium.chrome.ChromeDriver
Capabilities {acceptInsecureCerts: false, acceptSslCerts: false, applicationCacheEnabled: false, browserConnectionEnabled: false, browserName: chrome, chrome: {chromedriverVersion: 2.43.600210 (68dcf5eebde371..., userDataDir: C:\Users\User\AppData\Local...}, cssSelectorsEnabled: true, databaseEnabled: false, goog:chromeOptions: {debuggerAddress: localhost:49338}, handlesAlerts: true, hasTouchScreen: false, javascriptEnabled: true, locationContextEnabled: true, mobileEmulationEnabled: false, nativeEvents: true, networkConnectionEnabled: false, pageLoadStrategy: normal, platform: XP, platformName: XP, rotatable: false, setWindowRect: true, takesHeapSnapshot: true, takesScreenshot: true, unexpectedAlertBehaviour: , unhandledPromptBehavior: , version: 70.0.3538.110, webStorageEnabled: true}
Session ID: 9d624557d2b12fe97d732052f42d3cb3
</error>
  </testcase>
  <testcase name="Then I see message &quot;Letter deleted&quot;" classname="Scenario: Test move letter in trash" time="0">
    <skipped/>
  </testcase>
  <testcase name="Given I am on main application page" classname="Scenario: Search by request &quot;Benedict Cumberbatch&quot;" time="0"/>
  <testcase name="When I perform search by &quot;Бенедикт Камбербэтч&quot;" classname="Scenario: Search by request &quot;Benedict Cumberbatch&quot;" time="0"/>
  <testcase name="Then I see name &quot;Бенедикт Камбербэтч&quot; in the first link" classname="Scenario: Search by request &quot;Benedict Cumberbatch&quot;" time="0"/>
  <testcase name="Scenario: Search by request &quot;Benedict Cumberbatch&quot;" classname="Scenario: Search by request &quot;Benedict Cumberbatch&quot;" time="0.085"/>
  <testcase name="Given I am on main application page" classname="Scenario: Transition by external link &quot;Мой Мир&quot;" time="0"/>
  <testcase name="When I follow the link &quot;Мой Мир&quot;" classname="Scenario: Transition by external link &quot;Мой Мир&quot;" time="0"/>
  <testcase name="Then I see button &quot;Зарегистрируйтесь сейчас&quot;" classname="Scenario: Transition by external link &quot;Мой Мир&quot;" time="0"/>
  <testcase name="Scenario: Transition by external link &quot;Мой Мир&quot;" classname="Scenario: Transition by external link &quot;Мой Мир&quot;" time="0.476"/>
  <testcase name="Given I am on main application page" classname="Scenario: Transition by external link &quot;ICQ&quot;" time="0"/>
  <testcase name="When I follow the link &quot;ICQ&quot;" classname="Scenario: Transition by external link &quot;ICQ&quot;" time="0"/>
  <testcase name="Then I see button &quot;Скачать ICQ&quot;" classname="Scenario: Transition by external link &quot;ICQ&quot;" time="0.001"/>
  <testcase name="Scenario: Transition by external link &quot;ICQ&quot;" classname="Scenario: Transition by external link &quot;ICQ&quot;" time="0.065"/>
  <testcase name="When I call send message service" classname="Scenario: Test positive send message" time="0"/>
  <testcase name="Then I get positive status code by send" classname="Scenario: Test positive send message" time="0"/>
  <testcase name="Scenario: Test positive send message" classname="Scenario: Test positive send message" time="0.152"/>
  <testcase name="When I call edit message service" classname="Scenario: Test positive edit message" time="0"/>
  <testcase name="Then I get positive status code by edit" classname="Scenario: Test positive edit message" time="0"/>
  <testcase name="Scenario: Test positive edit message" classname="Scenario: Test positive edit message" time="0.065"/>
  <testcase name="When I call delete message service" classname="Scenario: Test positive delete message" time="0.004"/>
  <testcase name="Then I get positive status code by delete" classname="Scenario: Test positive delete message" time="0"/>
  <testcase name="Scenario: Test positive delete message" classname="Scenario: Test positive delete message" time="0.059"/>
  <testcase name="When I call post photo service" classname="Scenario: Test positive send photo" time="0"/>
  <testcase name="Then I get positive status code by send photo" classname="Scenario: Test positive send photo" time="0"/>
  <testcase name="Scenario: Test positive send photo" classname="Scenario: Test positive send photo" time="0.05"/>
</testsuite>